2024-03-25T02:47:37.057+03:00  INFO 184928 --- [spring-javafx-messenger] [JavaFX-Launcher] o.s.boot.SpringApplication               : Starting application using Java 21.0.2 with PID 184928 (started by alexey in /home/alexey/Projects/diplom/spring-javafx-messenger)
2024-03-25T02:47:37.058+03:00  INFO 184928 --- [spring-javafx-messenger] [JavaFX-Launcher] o.s.boot.SpringApplication               : No active profile set, falling back to 1 default profile: "default"
2024-03-25T02:47:37.330+03:00  INFO 184928 --- [spring-javafx-messenger] [JavaFX-Launcher] .s.d.r.c.RepositoryConfigurationDelegate : Bootstrapping Spring Data JPA repositories in DEFAULT mode.
2024-03-25T02:47:37.344+03:00  INFO 184928 --- [spring-javafx-messenger] [JavaFX-Launcher] .s.d.r.c.RepositoryConfigurationDelegate : Finished Spring Data repository scanning in 10 ms. Found 0 JPA repository interfaces.
2024-03-25T02:47:37.573+03:00  INFO 184928 --- [spring-javafx-messenger] [JavaFX-Launcher] o.hibernate.jpa.internal.util.LogHelper  : HHH000204: Processing PersistenceUnitInfo [name: default]
2024-03-25T02:47:37.595+03:00  INFO 184928 --- [spring-javafx-messenger] [JavaFX-Launcher] org.hibernate.Version                    : HHH000412: Hibernate ORM core version 6.4.4.Final
2024-03-25T02:47:37.611+03:00  INFO 184928 --- [spring-javafx-messenger] [JavaFX-Launcher] o.h.c.internal.RegionFactoryInitiator    : HHH000026: Second-level cache disabled
2024-03-25T02:47:37.732+03:00  INFO 184928 --- [spring-javafx-messenger] [JavaFX-Launcher] o.s.o.j.p.SpringPersistenceUnitInfo      : No LoadTimeWeaver setup: ignoring JPA class transformer
2024-03-25T02:47:37.864+03:00  WARN 184928 --- [spring-javafx-messenger] [JavaFX-Launcher] org.hibernate.orm.deprecation            : HHH90000025: H2Dialect does not need to be specified explicitly using 'hibernate.dialect' (remove the property setting and it will be selected by default)
2024-03-25T02:47:37.961+03:00 ERROR 184928 --- [spring-javafx-messenger] [JavaFX-Launcher] j.LocalContainerEntityManagerFactoryBean : Failed to initialize JPA EntityManagerFactory: Could not determine recommended JdbcType for Java type 'javafx.beans.property.StringProperty'
2024-03-25T02:47:37.962+03:00  WARN 184928 --- [spring-javafx-messenger] [JavaFX-Launcher] s.c.a.AnnotationConfigApplicationContext : Exception encountered during context initialization - cancelling refresh attempt: org.springframework.beans.factory.BeanCreationException: Error creating bean with name 'entityManagerFactory' defined in class path resource [org/springframework/boot/autoconfigure/orm/jpa/HibernateJpaConfiguration.class]: Could not determine recommended JdbcType for Java type 'javafx.beans.property.StringProperty'
2024-03-25T02:47:37.979+03:00  INFO 184928 --- [spring-javafx-messenger] [JavaFX-Launcher] .s.b.a.l.ConditionEvaluationReportLogger : 

Error starting ApplicationContext. To display the condition evaluation report re-run your application with 'debug' enabled.
2024-03-25T02:47:37.987+03:00 ERROR 184928 --- [spring-javafx-messenger] [JavaFX-Launcher] o.s.boot.SpringApplication               : Application run failed

org.springframework.beans.factory.BeanCreationException: Error creating bean with name 'entityManagerFactory' defined in class path resource [org/springframework/boot/autoconfigure/orm/jpa/HibernateJpaConfiguration.class]: Could not determine recommended JdbcType for Java type 'javafx.beans.property.StringProperty'
	at org.springframework.beans.factory.support.AbstractAutowireCapableBeanFactory.initializeBean(AbstractAutowireCapableBeanFactory.java:1786) ~[spring-beans-6.1.5.jar:6.1.5]
	at org.springframework.beans.factory.support.AbstractAutowireCapableBeanFactory.doCreateBean(AbstractAutowireCapableBeanFactory.java:600) ~[spring-beans-6.1.5.jar:6.1.5]
	at org.springframework.beans.factory.support.AbstractAutowireCapableBeanFactory.createBean(AbstractAutowireCapableBeanFactory.java:522) ~[spring-beans-6.1.5.jar:6.1.5]
	at org.springframework.beans.factory.support.AbstractBeanFactory.lambda$doGetBean$0(AbstractBeanFactory.java:326) ~[spring-beans-6.1.5.jar:6.1.5]
	at org.springframework.beans.factory.support.DefaultSingletonBeanRegistry.getSingleton(DefaultSingletonBeanRegistry.java:234) ~[spring-beans-6.1.5.jar:6.1.5]
	at org.springframework.beans.factory.support.AbstractBeanFactory.doGetBean(AbstractBeanFactory.java:324) ~[spring-beans-6.1.5.jar:6.1.5]
	at org.springframework.beans.factory.support.AbstractBeanFactory.getBean(AbstractBeanFactory.java:200) ~[spring-beans-6.1.5.jar:6.1.5]
	at org.springframework.context.support.AbstractApplicationContext.getBean(AbstractApplicationContext.java:1234) ~[spring-context-6.1.5.jar:6.1.5]
	at org.springframework.context.support.AbstractApplicationContext.finishBeanFactoryInitialization(AbstractApplicationContext.java:952) ~[spring-context-6.1.5.jar:6.1.5]
	at org.springframework.context.support.AbstractApplicationContext.refresh(AbstractApplicationContext.java:624) ~[spring-context-6.1.5.jar:6.1.5]
	at org.springframework.boot.SpringApplication.refresh(SpringApplication.java:754) ~[spring-boot-3.2.4.jar:3.2.4]
	at org.springframework.boot.SpringApplication.refreshContext(SpringApplication.java:456) ~[spring-boot-3.2.4.jar:3.2.4]
	at org.springframework.boot.SpringApplication.run(SpringApplication.java:334) ~[spring-boot-3.2.4.jar:3.2.4]
	at org.springframework.boot.SpringApplication.run(SpringApplication.java:1354) ~[spring-boot-3.2.4.jar:3.2.4]
	at org.springframework.boot.SpringApplication.run(SpringApplication.java:1343) ~[spring-boot-3.2.4.jar:3.2.4]
	at edu.alexey.messengerclient.JavaFxAsSpringBeanApplication.init(JavaFxAsSpringBeanApplication.java:30) ~[classes/:na]
	at edu.alexey.messengerclient.App.init(App.java:53) ~[classes/:na]
	at javafx.graphics@21.0.2/com.sun.javafx.application.LauncherImpl.launchApplication1(LauncherImpl.java:817) ~[javafx.graphics.jar:na]
	at javafx.graphics@21.0.2/com.sun.javafx.application.LauncherImpl.lambda$launchApplication$2(LauncherImpl.java:196) ~[javafx.graphics.jar:na]
	at java.base/java.lang.Thread.run(Thread.java:1583) ~[na:na]
Caused by: org.hibernate.type.descriptor.java.spi.JdbcTypeRecommendationException: Could not determine recommended JdbcType for Java type 'javafx.beans.property.StringProperty'
	at org.hibernate.type.descriptor.java.spi.UnknownBasicJavaType.getRecommendedJdbcType(UnknownBasicJavaType.java:37) ~[hibernate-core-6.4.4.Final.jar:6.4.4.Final]
	at org.hibernate.boot.model.process.internal.InferredBasicValueResolver.from(InferredBasicValueResolver.java:195) ~[hibernate-core-6.4.4.Final.jar:6.4.4.Final]
	at org.hibernate.mapping.BasicValue.resolution(BasicValue.java:642) ~[hibernate-core-6.4.4.Final.jar:6.4.4.Final]
	at org.hibernate.mapping.BasicValue.buildResolution(BasicValue.java:493) ~[hibernate-core-6.4.4.Final.jar:6.4.4.Final]
	at org.hibernate.mapping.BasicValue.resolve(BasicValue.java:345) ~[hibernate-core-6.4.4.Final.jar:6.4.4.Final]
	at org.hibernate.mapping.BasicValue.resolve(BasicValue.java:335) ~[hibernate-core-6.4.4.Final.jar:6.4.4.Final]
	at org.hibernate.boot.internal.InFlightMetadataCollectorImpl.lambda$processValueResolvers$4(InFlightMetadataCollectorImpl.java:1800) ~[hibernate-core-6.4.4.Final.jar:6.4.4.Final]
	at java.base/java.util.ArrayList.removeIf(ArrayList.java:1765) ~[na:na]
	at java.base/java.util.ArrayList.removeIf(ArrayList.java:1743) ~[na:na]
	at org.hibernate.boot.internal.InFlightMetadataCollectorImpl.processValueResolvers(InFlightMetadataCollectorImpl.java:1799) ~[hibernate-core-6.4.4.Final.jar:6.4.4.Final]
	at org.hibernate.boot.internal.InFlightMetadataCollectorImpl.processSecondPasses(InFlightMetadataCollectorImpl.java:1785) ~[hibernate-core-6.4.4.Final.jar:6.4.4.Final]
	at org.hibernate.boot.model.process.spi.MetadataBuildingProcess.complete(MetadataBuildingProcess.java:332) ~[hibernate-core-6.4.4.Final.jar:6.4.4.Final]
	at org.hibernate.jpa.boot.internal.EntityManagerFactoryBuilderImpl.metadata(EntityManagerFactoryBuilderImpl.java:1432) ~[hibernate-core-6.4.4.Final.jar:6.4.4.Final]
	at org.hibernate.jpa.boot.internal.EntityManagerFactoryBuilderImpl.build(EntityManagerFactoryBuilderImpl.java:1503) ~[hibernate-core-6.4.4.Final.jar:6.4.4.Final]
	at org.springframework.orm.jpa.vendor.SpringHibernateJpaPersistenceProvider.createContainerEntityManagerFactory(SpringHibernateJpaPersistenceProvider.java:75) ~[spring-orm-6.1.5.jar:6.1.5]
	at org.springframework.orm.jpa.LocalContainerEntityManagerFactoryBean.createNativeEntityManagerFactory(LocalContainerEntityManagerFactoryBean.java:390) ~[spring-orm-6.1.5.jar:6.1.5]
	at org.springframework.orm.jpa.AbstractEntityManagerFactoryBean.buildNativeEntityManagerFactory(AbstractEntityManagerFactoryBean.java:409) ~[spring-orm-6.1.5.jar:6.1.5]
	at org.springframework.orm.jpa.AbstractEntityManagerFactoryBean.afterPropertiesSet(AbstractEntityManagerFactoryBean.java:396) ~[spring-orm-6.1.5.jar:6.1.5]
	at org.springframework.orm.jpa.LocalContainerEntityManagerFactoryBean.afterPropertiesSet(LocalContainerEntityManagerFactoryBean.java:366) ~[spring-orm-6.1.5.jar:6.1.5]
	at org.springframework.beans.factory.support.AbstractAutowireCapableBeanFactory.invokeInitMethods(AbstractAutowireCapableBeanFactory.java:1833) ~[spring-beans-6.1.5.jar:6.1.5]
	at org.springframework.beans.factory.support.AbstractAutowireCapableBeanFactory.initializeBean(AbstractAutowireCapableBeanFactory.java:1782) ~[spring-beans-6.1.5.jar:6.1.5]
	... 19 common frames omitted

2024-03-25T02:48:36.498+03:00  INFO 185605 --- [spring-javafx-messenger] [JavaFX-Launcher] o.s.boot.SpringApplication               : Starting application using Java 21.0.2 with PID 185605 (started by alexey in /home/alexey/Projects/diplom/spring-javafx-messenger)
2024-03-25T02:48:36.502+03:00  INFO 185605 --- [spring-javafx-messenger] [JavaFX-Launcher] o.s.boot.SpringApplication               : No active profile set, falling back to 1 default profile: "default"
2024-03-25T02:48:36.724+03:00  INFO 185605 --- [spring-javafx-messenger] [JavaFX-Launcher] .s.d.r.c.RepositoryConfigurationDelegate : Bootstrapping Spring Data JPA repositories in DEFAULT mode.
2024-03-25T02:48:36.737+03:00  INFO 185605 --- [spring-javafx-messenger] [JavaFX-Launcher] .s.d.r.c.RepositoryConfigurationDelegate : Finished Spring Data repository scanning in 10 ms. Found 0 JPA repository interfaces.
2024-03-25T02:48:36.942+03:00  INFO 185605 --- [spring-javafx-messenger] [JavaFX-Launcher] o.hibernate.jpa.internal.util.LogHelper  : HHH000204: Processing PersistenceUnitInfo [name: default]
2024-03-25T02:48:36.963+03:00  INFO 185605 --- [spring-javafx-messenger] [JavaFX-Launcher] org.hibernate.Version                    : HHH000412: Hibernate ORM core version 6.4.4.Final
2024-03-25T02:48:36.976+03:00  INFO 185605 --- [spring-javafx-messenger] [JavaFX-Launcher] o.h.c.internal.RegionFactoryInitiator    : HHH000026: Second-level cache disabled
2024-03-25T02:48:37.092+03:00  INFO 185605 --- [spring-javafx-messenger] [JavaFX-Launcher] o.s.o.j.p.SpringPersistenceUnitInfo      : No LoadTimeWeaver setup: ignoring JPA class transformer
2024-03-25T02:48:37.209+03:00  WARN 185605 --- [spring-javafx-messenger] [JavaFX-Launcher] org.hibernate.orm.deprecation            : HHH90000025: H2Dialect does not need to be specified explicitly using 'hibernate.dialect' (remove the property setting and it will be selected by default)
2024-03-25T02:48:37.294+03:00 ERROR 185605 --- [spring-javafx-messenger] [JavaFX-Launcher] j.LocalContainerEntityManagerFactoryBean : Failed to initialize JPA EntityManagerFactory: Could not determine recommended JdbcType for Java type 'javafx.beans.property.StringProperty'
2024-03-25T02:48:37.295+03:00  WARN 185605 --- [spring-javafx-messenger] [JavaFX-Launcher] s.c.a.AnnotationConfigApplicationContext : Exception encountered during context initialization - cancelling refresh attempt: org.springframework.beans.factory.BeanCreationException: Error creating bean with name 'entityManagerFactory' defined in class path resource [org/springframework/boot/autoconfigure/orm/jpa/HibernateJpaConfiguration.class]: Could not determine recommended JdbcType for Java type 'javafx.beans.property.StringProperty'
2024-03-25T02:48:37.327+03:00  INFO 185605 --- [spring-javafx-messenger] [JavaFX-Launcher] .s.b.a.l.ConditionEvaluationReportLogger : 

Error starting ApplicationContext. To display the condition evaluation report re-run your application with 'debug' enabled.
2024-03-25T02:48:37.335+03:00 ERROR 185605 --- [spring-javafx-messenger] [JavaFX-Launcher] o.s.boot.SpringApplication               : Application run failed

org.springframework.beans.factory.BeanCreationException: Error creating bean with name 'entityManagerFactory' defined in class path resource [org/springframework/boot/autoconfigure/orm/jpa/HibernateJpaConfiguration.class]: Could not determine recommended JdbcType for Java type 'javafx.beans.property.StringProperty'
	at org.springframework.beans.factory.support.AbstractAutowireCapableBeanFactory.initializeBean(AbstractAutowireCapableBeanFactory.java:1786) ~[spring-beans-6.1.5.jar:6.1.5]
	at org.springframework.beans.factory.support.AbstractAutowireCapableBeanFactory.doCreateBean(AbstractAutowireCapableBeanFactory.java:600) ~[spring-beans-6.1.5.jar:6.1.5]
	at org.springframework.beans.factory.support.AbstractAutowireCapableBeanFactory.createBean(AbstractAutowireCapableBeanFactory.java:522) ~[spring-beans-6.1.5.jar:6.1.5]
	at org.springframework.beans.factory.support.AbstractBeanFactory.lambda$doGetBean$0(AbstractBeanFactory.java:326) ~[spring-beans-6.1.5.jar:6.1.5]
	at org.springframework.beans.factory.support.DefaultSingletonBeanRegistry.getSingleton(DefaultSingletonBeanRegistry.java:234) ~[spring-beans-6.1.5.jar:6.1.5]
	at org.springframework.beans.factory.support.AbstractBeanFactory.doGetBean(AbstractBeanFactory.java:324) ~[spring-beans-6.1.5.jar:6.1.5]
	at org.springframework.beans.factory.support.AbstractBeanFactory.getBean(AbstractBeanFactory.java:200) ~[spring-beans-6.1.5.jar:6.1.5]
	at org.springframework.context.support.AbstractApplicationContext.getBean(AbstractApplicationContext.java:1234) ~[spring-context-6.1.5.jar:6.1.5]
	at org.springframework.context.support.AbstractApplicationContext.finishBeanFactoryInitialization(AbstractApplicationContext.java:952) ~[spring-context-6.1.5.jar:6.1.5]
	at org.springframework.context.support.AbstractApplicationContext.refresh(AbstractApplicationContext.java:624) ~[spring-context-6.1.5.jar:6.1.5]
	at org.springframework.boot.SpringApplication.refresh(SpringApplication.java:754) ~[spring-boot-3.2.4.jar:3.2.4]
	at org.springframework.boot.SpringApplication.refreshContext(SpringApplication.java:456) ~[spring-boot-3.2.4.jar:3.2.4]
	at org.springframework.boot.SpringApplication.run(SpringApplication.java:334) ~[spring-boot-3.2.4.jar:3.2.4]
	at org.springframework.boot.SpringApplication.run(SpringApplication.java:1354) ~[spring-boot-3.2.4.jar:3.2.4]
	at org.springframework.boot.SpringApplication.run(SpringApplication.java:1343) ~[spring-boot-3.2.4.jar:3.2.4]
	at edu.alexey.messengerclient.JavaFxAsSpringBeanApplication.init(JavaFxAsSpringBeanApplication.java:30) ~[classes/:na]
	at edu.alexey.messengerclient.App.init(App.java:53) ~[classes/:na]
	at javafx.graphics@21.0.2/com.sun.javafx.application.LauncherImpl.launchApplication1(LauncherImpl.java:817) ~[javafx.graphics.jar:na]
	at javafx.graphics@21.0.2/com.sun.javafx.application.LauncherImpl.lambda$launchApplication$2(LauncherImpl.java:196) ~[javafx.graphics.jar:na]
	at java.base/java.lang.Thread.run(Thread.java:1583) ~[na:na]
Caused by: org.hibernate.type.descriptor.java.spi.JdbcTypeRecommendationException: Could not determine recommended JdbcType for Java type 'javafx.beans.property.StringProperty'
	at org.hibernate.type.descriptor.java.spi.UnknownBasicJavaType.getRecommendedJdbcType(UnknownBasicJavaType.java:37) ~[hibernate-core-6.4.4.Final.jar:6.4.4.Final]
	at org.hibernate.boot.model.process.internal.InferredBasicValueResolver.from(InferredBasicValueResolver.java:195) ~[hibernate-core-6.4.4.Final.jar:6.4.4.Final]
	at org.hibernate.mapping.BasicValue.resolution(BasicValue.java:642) ~[hibernate-core-6.4.4.Final.jar:6.4.4.Final]
	at org.hibernate.mapping.BasicValue.buildResolution(BasicValue.java:493) ~[hibernate-core-6.4.4.Final.jar:6.4.4.Final]
	at org.hibernate.mapping.BasicValue.resolve(BasicValue.java:345) ~[hibernate-core-6.4.4.Final.jar:6.4.4.Final]
	at org.hibernate.mapping.BasicValue.resolve(BasicValue.java:335) ~[hibernate-core-6.4.4.Final.jar:6.4.4.Final]
	at org.hibernate.boot.internal.InFlightMetadataCollectorImpl.lambda$processValueResolvers$4(InFlightMetadataCollectorImpl.java:1800) ~[hibernate-core-6.4.4.Final.jar:6.4.4.Final]
	at java.base/java.util.ArrayList.removeIf(ArrayList.java:1765) ~[na:na]
	at java.base/java.util.ArrayList.removeIf(ArrayList.java:1743) ~[na:na]
	at org.hibernate.boot.internal.InFlightMetadataCollectorImpl.processValueResolvers(InFlightMetadataCollectorImpl.java:1799) ~[hibernate-core-6.4.4.Final.jar:6.4.4.Final]
	at org.hibernate.boot.internal.InFlightMetadataCollectorImpl.processSecondPasses(InFlightMetadataCollectorImpl.java:1785) ~[hibernate-core-6.4.4.Final.jar:6.4.4.Final]
	at org.hibernate.boot.model.process.spi.MetadataBuildingProcess.complete(MetadataBuildingProcess.java:332) ~[hibernate-core-6.4.4.Final.jar:6.4.4.Final]
	at org.hibernate.jpa.boot.internal.EntityManagerFactoryBuilderImpl.metadata(EntityManagerFactoryBuilderImpl.java:1432) ~[hibernate-core-6.4.4.Final.jar:6.4.4.Final]
	at org.hibernate.jpa.boot.internal.EntityManagerFactoryBuilderImpl.build(EntityManagerFactoryBuilderImpl.java:1503) ~[hibernate-core-6.4.4.Final.jar:6.4.4.Final]
	at org.springframework.orm.jpa.vendor.SpringHibernateJpaPersistenceProvider.createContainerEntityManagerFactory(SpringHibernateJpaPersistenceProvider.java:75) ~[spring-orm-6.1.5.jar:6.1.5]
	at org.springframework.orm.jpa.LocalContainerEntityManagerFactoryBean.createNativeEntityManagerFactory(LocalContainerEntityManagerFactoryBean.java:390) ~[spring-orm-6.1.5.jar:6.1.5]
	at org.springframework.orm.jpa.AbstractEntityManagerFactoryBean.buildNativeEntityManagerFactory(AbstractEntityManagerFactoryBean.java:409) ~[spring-orm-6.1.5.jar:6.1.5]
	at org.springframework.orm.jpa.AbstractEntityManagerFactoryBean.afterPropertiesSet(AbstractEntityManagerFactoryBean.java:396) ~[spring-orm-6.1.5.jar:6.1.5]
	at org.springframework.orm.jpa.LocalContainerEntityManagerFactoryBean.afterPropertiesSet(LocalContainerEntityManagerFactoryBean.java:366) ~[spring-orm-6.1.5.jar:6.1.5]
	at org.springframework.beans.factory.support.AbstractAutowireCapableBeanFactory.invokeInitMethods(AbstractAutowireCapableBeanFactory.java:1833) ~[spring-beans-6.1.5.jar:6.1.5]
	at org.springframework.beans.factory.support.AbstractAutowireCapableBeanFactory.initializeBean(AbstractAutowireCapableBeanFactory.java:1782) ~[spring-beans-6.1.5.jar:6.1.5]
	... 19 common frames omitted

2024-03-25T02:49:19.797+03:00  INFO 186121 --- [spring-javafx-messenger] [JavaFX-Launcher] o.s.boot.SpringApplication               : Starting application using Java 21.0.2 with PID 186121 (started by alexey in /home/alexey/Projects/diplom/spring-javafx-messenger)
2024-03-25T02:49:19.800+03:00  INFO 186121 --- [spring-javafx-messenger] [JavaFX-Launcher] o.s.boot.SpringApplication               : No active profile set, falling back to 1 default profile: "default"
2024-03-25T02:49:20.018+03:00  INFO 186121 --- [spring-javafx-messenger] [JavaFX-Launcher] .s.d.r.c.RepositoryConfigurationDelegate : Bootstrapping Spring Data JPA repositories in DEFAULT mode.
2024-03-25T02:49:20.031+03:00  INFO 186121 --- [spring-javafx-messenger] [JavaFX-Launcher] .s.d.r.c.RepositoryConfigurationDelegate : Finished Spring Data repository scanning in 10 ms. Found 0 JPA repository interfaces.
2024-03-25T02:49:20.228+03:00  INFO 186121 --- [spring-javafx-messenger] [JavaFX-Launcher] o.hibernate.jpa.internal.util.LogHelper  : HHH000204: Processing PersistenceUnitInfo [name: default]
2024-03-25T02:49:20.248+03:00  INFO 186121 --- [spring-javafx-messenger] [JavaFX-Launcher] org.hibernate.Version                    : HHH000412: Hibernate ORM core version 6.4.4.Final
2024-03-25T02:49:20.262+03:00  INFO 186121 --- [spring-javafx-messenger] [JavaFX-Launcher] o.h.c.internal.RegionFactoryInitiator    : HHH000026: Second-level cache disabled
2024-03-25T02:49:20.370+03:00  INFO 186121 --- [spring-javafx-messenger] [JavaFX-Launcher] o.s.o.j.p.SpringPersistenceUnitInfo      : No LoadTimeWeaver setup: ignoring JPA class transformer
2024-03-25T02:49:20.484+03:00  WARN 186121 --- [spring-javafx-messenger] [JavaFX-Launcher] org.hibernate.orm.deprecation            : HHH90000025: H2Dialect does not need to be specified explicitly using 'hibernate.dialect' (remove the property setting and it will be selected by default)
2024-03-25T02:49:20.871+03:00  INFO 186121 --- [spring-javafx-messenger] [JavaFX-Launcher] o.h.e.t.j.p.i.JtaPlatformInitiator       : HHH000489: No JTA platform available (set 'hibernate.transaction.jta.platform' to enable JTA platform integration)
2024-03-25T02:49:20.897+03:00  INFO 186121 --- [spring-javafx-messenger] [JavaFX-Launcher] j.LocalContainerEntityManagerFactoryBean : Initialized JPA EntityManagerFactory for persistence unit 'default'
2024-03-25T02:49:21.035+03:00  INFO 186121 --- [spring-javafx-messenger] [JavaFX-Launcher] o.s.boot.SpringApplication               : Started application in 1.464 seconds (process running for 2.185)
2024-03-25T02:49:21.080+03:00  WARN 186121 --- [spring-javafx-messenger] [JavaFX Application Thread] javafx                                   : Loading FXML document with JavaFX API of version 22 by JavaFX runtime of version 21.0.2
2024-03-25T02:49:24.663+03:00  INFO 186121 --- [spring-javafx-messenger] [JavaFX Application Thread] j.LocalContainerEntityManagerFactoryBean : Closing JPA EntityManagerFactory for persistence unit 'default'
2024-03-25T03:05:36.618+03:00  INFO 196074 --- [spring-javafx-messenger] [JavaFX-Launcher] o.s.boot.SpringApplication               : Starting application using Java 21.0.2 with PID 196074 (started by alexey in /home/alexey/Projects/diplom/spring-javafx-messenger)
2024-03-25T03:05:36.620+03:00  INFO 196074 --- [spring-javafx-messenger] [JavaFX-Launcher] o.s.boot.SpringApplication               : No active profile set, falling back to 1 default profile: "default"
2024-03-25T03:05:36.836+03:00  INFO 196074 --- [spring-javafx-messenger] [JavaFX-Launcher] .s.d.r.c.RepositoryConfigurationDelegate : Bootstrapping Spring Data JPA repositories in DEFAULT mode.
2024-03-25T03:05:36.911+03:00  INFO 196074 --- [spring-javafx-messenger] [JavaFX-Launcher] .s.d.r.c.RepositoryConfigurationDelegate : Finished Spring Data repository scanning in 71 ms. Found 3 JPA repository interfaces.
2024-03-25T03:05:37.077+03:00  INFO 196074 --- [spring-javafx-messenger] [JavaFX-Launcher] o.hibernate.jpa.internal.util.LogHelper  : HHH000204: Processing PersistenceUnitInfo [name: default]
2024-03-25T03:05:37.100+03:00  INFO 196074 --- [spring-javafx-messenger] [JavaFX-Launcher] org.hibernate.Version                    : HHH000412: Hibernate ORM core version 6.4.4.Final
2024-03-25T03:05:37.114+03:00  INFO 196074 --- [spring-javafx-messenger] [JavaFX-Launcher] o.h.c.internal.RegionFactoryInitiator    : HHH000026: Second-level cache disabled
2024-03-25T03:05:37.226+03:00  INFO 196074 --- [spring-javafx-messenger] [JavaFX-Launcher] o.s.o.j.p.SpringPersistenceUnitInfo      : No LoadTimeWeaver setup: ignoring JPA class transformer
2024-03-25T03:05:37.343+03:00  WARN 196074 --- [spring-javafx-messenger] [JavaFX-Launcher] org.hibernate.orm.deprecation            : HHH90000025: H2Dialect does not need to be specified explicitly using 'hibernate.dialect' (remove the property setting and it will be selected by default)
2024-03-25T03:05:37.717+03:00  INFO 196074 --- [spring-javafx-messenger] [JavaFX-Launcher] o.h.e.t.j.p.i.JtaPlatformInitiator       : HHH000489: No JTA platform available (set 'hibernate.transaction.jta.platform' to enable JTA platform integration)
2024-03-25T03:05:37.738+03:00  INFO 196074 --- [spring-javafx-messenger] [JavaFX-Launcher] j.LocalContainerEntityManagerFactoryBean : Initialized JPA EntityManagerFactory for persistence unit 'default'
2024-03-25T03:05:37.867+03:00  WARN 196074 --- [spring-javafx-messenger] [JavaFX-Launcher] s.c.a.AnnotationConfigApplicationContext : Exception encountered during context initialization - cancelling refresh attempt: org.springframework.beans.factory.UnsatisfiedDependencyException: Error creating bean with name 'conversationService' defined in file [/home/alexey/Projects/diplom/spring-javafx-messenger/target/classes/edu/alexey/messengerclient/services/ConversationService.class]: Unsatisfied dependency expressed through constructor parameter 0: Error creating bean with name 'conversationRepository' defined in edu.alexey.messengerclient.repositories.ConversationRepository defined in @EnableJpaRepositories declared on JpaRepositoriesRegistrar.EnableJpaRepositoriesConfiguration: Not a managed type: interface edu.alexey.messengerclient.repositories.ConversationRepository
2024-03-25T03:05:37.868+03:00  INFO 196074 --- [spring-javafx-messenger] [JavaFX-Launcher] j.LocalContainerEntityManagerFactoryBean : Closing JPA EntityManagerFactory for persistence unit 'default'
2024-03-25T03:05:37.879+03:00  INFO 196074 --- [spring-javafx-messenger] [JavaFX-Launcher] .s.b.a.l.ConditionEvaluationReportLogger : 

Error starting ApplicationContext. To display the condition evaluation report re-run your application with 'debug' enabled.
2024-03-25T03:05:37.888+03:00 ERROR 196074 --- [spring-javafx-messenger] [JavaFX-Launcher] o.s.boot.SpringApplication               : Application run failed

org.springframework.beans.factory.UnsatisfiedDependencyException: Error creating bean with name 'conversationService' defined in file [/home/alexey/Projects/diplom/spring-javafx-messenger/target/classes/edu/alexey/messengerclient/services/ConversationService.class]: Unsatisfied dependency expressed through constructor parameter 0: Error creating bean with name 'conversationRepository' defined in edu.alexey.messengerclient.repositories.ConversationRepository defined in @EnableJpaRepositories declared on JpaRepositoriesRegistrar.EnableJpaRepositoriesConfiguration: Not a managed type: interface edu.alexey.messengerclient.repositories.ConversationRepository
	at org.springframework.beans.factory.support.ConstructorResolver.createArgumentArray(ConstructorResolver.java:795) ~[spring-beans-6.1.5.jar:6.1.5]
	at org.springframework.beans.factory.support.ConstructorResolver.autowireConstructor(ConstructorResolver.java:237) ~[spring-beans-6.1.5.jar:6.1.5]
	at org.springframework.beans.factory.support.AbstractAutowireCapableBeanFactory.autowireConstructor(AbstractAutowireCapableBeanFactory.java:1355) ~[spring-beans-6.1.5.jar:6.1.5]
	at org.springframework.beans.factory.support.AbstractAutowireCapableBeanFactory.createBeanInstance(AbstractAutowireCapableBeanFactory.java:1192) ~[spring-beans-6.1.5.jar:6.1.5]
	at org.springframework.beans.factory.support.AbstractAutowireCapableBeanFactory.doCreateBean(AbstractAutowireCapableBeanFactory.java:562) ~[spring-beans-6.1.5.jar:6.1.5]
	at org.springframework.beans.factory.support.AbstractAutowireCapableBeanFactory.createBean(AbstractAutowireCapableBeanFactory.java:522) ~[spring-beans-6.1.5.jar:6.1.5]
	at org.springframework.beans.factory.support.AbstractBeanFactory.lambda$doGetBean$0(AbstractBeanFactory.java:326) ~[spring-beans-6.1.5.jar:6.1.5]
	at org.springframework.beans.factory.support.DefaultSingletonBeanRegistry.getSingleton(DefaultSingletonBeanRegistry.java:234) ~[spring-beans-6.1.5.jar:6.1.5]
	at org.springframework.beans.factory.support.AbstractBeanFactory.doGetBean(AbstractBeanFactory.java:324) ~[spring-beans-6.1.5.jar:6.1.5]
	at org.springframework.beans.factory.support.AbstractBeanFactory.getBean(AbstractBeanFactory.java:200) ~[spring-beans-6.1.5.jar:6.1.5]
	at org.springframework.beans.factory.support.DefaultListableBeanFactory.preInstantiateSingletons(DefaultListableBeanFactory.java:975) ~[spring-beans-6.1.5.jar:6.1.5]
	at org.springframework.context.support.AbstractApplicationContext.finishBeanFactoryInitialization(AbstractApplicationContext.java:962) ~[spring-context-6.1.5.jar:6.1.5]
	at org.springframework.context.support.AbstractApplicationContext.refresh(AbstractApplicationContext.java:624) ~[spring-context-6.1.5.jar:6.1.5]
	at org.springframework.boot.SpringApplication.refresh(SpringApplication.java:754) ~[spring-boot-3.2.4.jar:3.2.4]
	at org.springframework.boot.SpringApplication.refreshContext(SpringApplication.java:456) ~[spring-boot-3.2.4.jar:3.2.4]
	at org.springframework.boot.SpringApplication.run(SpringApplication.java:334) ~[spring-boot-3.2.4.jar:3.2.4]
	at org.springframework.boot.SpringApplication.run(SpringApplication.java:1354) ~[spring-boot-3.2.4.jar:3.2.4]
	at org.springframework.boot.SpringApplication.run(SpringApplication.java:1343) ~[spring-boot-3.2.4.jar:3.2.4]
	at edu.alexey.messengerclient.JavaFxAsSpringBeanApplication.init(JavaFxAsSpringBeanApplication.java:30) ~[classes/:na]
	at edu.alexey.messengerclient.App.init(App.java:53) ~[classes/:na]
	at javafx.graphics@21.0.2/com.sun.javafx.application.LauncherImpl.launchApplication1(LauncherImpl.java:817) ~[javafx.graphics.jar:na]
	at javafx.graphics@21.0.2/com.sun.javafx.application.LauncherImpl.lambda$launchApplication$2(LauncherImpl.java:196) ~[javafx.graphics.jar:na]
	at java.base/java.lang.Thread.run(Thread.java:1583) ~[na:na]
Caused by: org.springframework.beans.factory.BeanCreationException: Error creating bean with name 'conversationRepository' defined in edu.alexey.messengerclient.repositories.ConversationRepository defined in @EnableJpaRepositories declared on JpaRepositoriesRegistrar.EnableJpaRepositoriesConfiguration: Not a managed type: interface edu.alexey.messengerclient.repositories.ConversationRepository
	at org.springframework.beans.factory.support.AbstractAutowireCapableBeanFactory.initializeBean(AbstractAutowireCapableBeanFactory.java:1786) ~[spring-beans-6.1.5.jar:6.1.5]
	at org.springframework.beans.factory.support.AbstractAutowireCapableBeanFactory.doCreateBean(AbstractAutowireCapableBeanFactory.java:600) ~[spring-beans-6.1.5.jar:6.1.5]
	at org.springframework.beans.factory.support.AbstractAutowireCapableBeanFactory.createBean(AbstractAutowireCapableBeanFactory.java:522) ~[spring-beans-6.1.5.jar:6.1.5]
	at org.springframework.beans.factory.support.AbstractBeanFactory.lambda$doGetBean$0(AbstractBeanFactory.java:326) ~[spring-beans-6.1.5.jar:6.1.5]
	at org.springframework.beans.factory.support.DefaultSingletonBeanRegistry.getSingleton(DefaultSingletonBeanRegistry.java:234) ~[spring-beans-6.1.5.jar:6.1.5]
	at org.springframework.beans.factory.support.AbstractBeanFactory.doGetBean(AbstractBeanFactory.java:324) ~[spring-beans-6.1.5.jar:6.1.5]
	at org.springframework.beans.factory.support.AbstractBeanFactory.getBean(AbstractBeanFactory.java:200) ~[spring-beans-6.1.5.jar:6.1.5]
	at org.springframework.beans.factory.config.DependencyDescriptor.resolveCandidate(DependencyDescriptor.java:254) ~[spring-beans-6.1.5.jar:6.1.5]
	at org.springframework.beans.factory.support.DefaultListableBeanFactory.doResolveDependency(DefaultListableBeanFactory.java:1443) ~[spring-beans-6.1.5.jar:6.1.5]
	at org.springframework.beans.factory.support.DefaultListableBeanFactory.resolveDependency(DefaultListableBeanFactory.java:1353) ~[spring-beans-6.1.5.jar:6.1.5]
	at org.springframework.beans.factory.support.ConstructorResolver.resolveAutowiredArgument(ConstructorResolver.java:904) ~[spring-beans-6.1.5.jar:6.1.5]
	at org.springframework.beans.factory.support.ConstructorResolver.createArgumentArray(ConstructorResolver.java:782) ~[spring-beans-6.1.5.jar:6.1.5]
	... 22 common frames omitted
Caused by: java.lang.IllegalArgumentException: Not a managed type: interface edu.alexey.messengerclient.repositories.ConversationRepository
	at org.hibernate.metamodel.model.domain.internal.JpaMetamodelImpl.managedType(JpaMetamodelImpl.java:193) ~[hibernate-core-6.4.4.Final.jar:6.4.4.Final]
	at org.hibernate.metamodel.model.domain.internal.MappingMetamodelImpl.managedType(MappingMetamodelImpl.java:468) ~[hibernate-core-6.4.4.Final.jar:6.4.4.Final]
	at org.hibernate.metamodel.model.domain.internal.MappingMetamodelImpl.managedType(MappingMetamodelImpl.java:98) ~[hibernate-core-6.4.4.Final.jar:6.4.4.Final]
	at org.springframework.data.jpa.repository.support.JpaMetamodelEntityInformation.<init>(JpaMetamodelEntityInformation.java:82) ~[spring-data-jpa-3.2.4.jar:3.2.4]
	at org.springframework.data.jpa.repository.support.JpaEntityInformationSupport.getEntityInformation(JpaEntityInformationSupport.java:69) ~[spring-data-jpa-3.2.4.jar:3.2.4]
	at org.springframework.data.jpa.repository.support.JpaRepositoryFactory.getEntityInformation(JpaRepositoryFactory.java:246) ~[spring-data-jpa-3.2.4.jar:3.2.4]
	at org.springframework.data.jpa.repository.support.JpaRepositoryFactory.getTargetRepository(JpaRepositoryFactory.java:211) ~[spring-data-jpa-3.2.4.jar:3.2.4]
	at org.springframework.data.jpa.repository.support.JpaRepositoryFactory.getTargetRepository(JpaRepositoryFactory.java:194) ~[spring-data-jpa-3.2.4.jar:3.2.4]
	at org.springframework.data.jpa.repository.support.JpaRepositoryFactory.getTargetRepository(JpaRepositoryFactory.java:1) ~[spring-data-jpa-3.2.4.jar:3.2.4]
	at org.springframework.data.repository.core.support.RepositoryFactorySupport.getRepository(RepositoryFactorySupport.java:317) ~[spring-data-commons-3.2.4.jar:3.2.4]
	at org.springframework.data.repository.core.support.RepositoryFactoryBeanSupport.lambda$afterPropertiesSet$5(RepositoryFactoryBeanSupport.java:279) ~[spring-data-commons-3.2.4.jar:3.2.4]
	at org.springframework.data.util.Lazy.getNullable(Lazy.java:135) ~[spring-data-commons-3.2.4.jar:3.2.4]
	at org.springframework.data.util.Lazy.get(Lazy.java:113) ~[spring-data-commons-3.2.4.jar:3.2.4]
	at org.springframework.data.repository.core.support.RepositoryFactoryBeanSupport.afterPropertiesSet(RepositoryFactoryBeanSupport.java:285) ~[spring-data-commons-3.2.4.jar:3.2.4]
	at org.springframework.data.jpa.repository.support.JpaRepositoryFactoryBean.afterPropertiesSet(JpaRepositoryFactoryBean.java:132) ~[spring-data-jpa-3.2.4.jar:3.2.4]
	at org.springframework.beans.factory.support.AbstractAutowireCapableBeanFactory.invokeInitMethods(AbstractAutowireCapableBeanFactory.java:1833) ~[spring-beans-6.1.5.jar:6.1.5]
	at org.springframework.beans.factory.support.AbstractAutowireCapableBeanFactory.initializeBean(AbstractAutowireCapableBeanFactory.java:1782) ~[spring-beans-6.1.5.jar:6.1.5]
	... 33 common frames omitted

2024-03-25T03:07:01.535+03:00  INFO 196962 --- [spring-javafx-messenger] [JavaFX-Launcher] o.s.boot.SpringApplication               : Starting application using Java 21.0.2 with PID 196962 (started by alexey in /home/alexey/Projects/diplom/spring-javafx-messenger)
2024-03-25T03:07:01.536+03:00  INFO 196962 --- [spring-javafx-messenger] [JavaFX-Launcher] o.s.boot.SpringApplication               : No active profile set, falling back to 1 default profile: "default"
2024-03-25T03:07:01.748+03:00  INFO 196962 --- [spring-javafx-messenger] [JavaFX-Launcher] .s.d.r.c.RepositoryConfigurationDelegate : Bootstrapping Spring Data JPA repositories in DEFAULT mode.
2024-03-25T03:07:01.821+03:00  INFO 196962 --- [spring-javafx-messenger] [JavaFX-Launcher] .s.d.r.c.RepositoryConfigurationDelegate : Finished Spring Data repository scanning in 69 ms. Found 3 JPA repository interfaces.
2024-03-25T03:07:01.983+03:00  INFO 196962 --- [spring-javafx-messenger] [JavaFX-Launcher] o.hibernate.jpa.internal.util.LogHelper  : HHH000204: Processing PersistenceUnitInfo [name: default]
2024-03-25T03:07:02.004+03:00  INFO 196962 --- [spring-javafx-messenger] [JavaFX-Launcher] org.hibernate.Version                    : HHH000412: Hibernate ORM core version 6.4.4.Final
2024-03-25T03:07:02.018+03:00  INFO 196962 --- [spring-javafx-messenger] [JavaFX-Launcher] o.h.c.internal.RegionFactoryInitiator    : HHH000026: Second-level cache disabled
2024-03-25T03:07:02.141+03:00  INFO 196962 --- [spring-javafx-messenger] [JavaFX-Launcher] o.s.o.j.p.SpringPersistenceUnitInfo      : No LoadTimeWeaver setup: ignoring JPA class transformer
2024-03-25T03:07:02.263+03:00  WARN 196962 --- [spring-javafx-messenger] [JavaFX-Launcher] org.hibernate.orm.deprecation            : HHH90000025: H2Dialect does not need to be specified explicitly using 'hibernate.dialect' (remove the property setting and it will be selected by default)
2024-03-25T03:07:02.649+03:00  INFO 196962 --- [spring-javafx-messenger] [JavaFX-Launcher] o.h.e.t.j.p.i.JtaPlatformInitiator       : HHH000489: No JTA platform available (set 'hibernate.transaction.jta.platform' to enable JTA platform integration)
2024-03-25T03:07:02.673+03:00  INFO 196962 --- [spring-javafx-messenger] [JavaFX-Launcher] j.LocalContainerEntityManagerFactoryBean : Initialized JPA EntityManagerFactory for persistence unit 'default'
2024-03-25T03:07:02.930+03:00  INFO 196962 --- [spring-javafx-messenger] [JavaFX-Launcher] o.s.boot.SpringApplication               : Started application in 1.616 seconds (process running for 2.329)
2024-03-25T03:07:02.950+03:00  WARN 196962 --- [spring-javafx-messenger] [JavaFX Application Thread] javafx                                   : Loading FXML document with JavaFX API of version 22 by JavaFX runtime of version 21.0.2
2024-03-25T03:07:09.692+03:00  INFO 196962 --- [spring-javafx-messenger] [JavaFX Application Thread] j.LocalContainerEntityManagerFactoryBean : Closing JPA EntityManagerFactory for persistence unit 'default'
2024-03-25T03:31:28.460+03:00  INFO 210899 --- [spring-javafx-messenger-client] [JavaFX-Launcher] o.s.boot.SpringApplication               : Starting application using Java 21.0.2 with PID 210899 (started by alexey in /home/alexey/Projects/diplom/spring-javafx-messenger-client)
2024-03-25T03:31:28.461+03:00  INFO 210899 --- [spring-javafx-messenger-client] [JavaFX-Launcher] o.s.boot.SpringApplication               : No active profile set, falling back to 1 default profile: "default"
2024-03-25T03:31:28.684+03:00  INFO 210899 --- [spring-javafx-messenger-client] [JavaFX-Launcher] .s.d.r.c.RepositoryConfigurationDelegate : Bootstrapping Spring Data JPA repositories in DEFAULT mode.
2024-03-25T03:31:28.758+03:00  INFO 210899 --- [spring-javafx-messenger-client] [JavaFX-Launcher] .s.d.r.c.RepositoryConfigurationDelegate : Finished Spring Data repository scanning in 71 ms. Found 3 JPA repository interfaces.
2024-03-25T03:31:28.923+03:00  INFO 210899 --- [spring-javafx-messenger-client] [JavaFX-Launcher] o.hibernate.jpa.internal.util.LogHelper  : HHH000204: Processing PersistenceUnitInfo [name: default]
2024-03-25T03:31:28.943+03:00  INFO 210899 --- [spring-javafx-messenger-client] [JavaFX-Launcher] org.hibernate.Version                    : HHH000412: Hibernate ORM core version 6.4.4.Final
2024-03-25T03:31:28.956+03:00  INFO 210899 --- [spring-javafx-messenger-client] [JavaFX-Launcher] o.h.c.internal.RegionFactoryInitiator    : HHH000026: Second-level cache disabled
2024-03-25T03:31:29.062+03:00  INFO 210899 --- [spring-javafx-messenger-client] [JavaFX-Launcher] o.s.o.j.p.SpringPersistenceUnitInfo      : No LoadTimeWeaver setup: ignoring JPA class transformer
2024-03-25T03:31:29.186+03:00  WARN 210899 --- [spring-javafx-messenger-client] [JavaFX-Launcher] org.hibernate.orm.deprecation            : HHH90000025: H2Dialect does not need to be specified explicitly using 'hibernate.dialect' (remove the property setting and it will be selected by default)
2024-03-25T03:31:29.565+03:00  INFO 210899 --- [spring-javafx-messenger-client] [JavaFX-Launcher] o.h.e.t.j.p.i.JtaPlatformInitiator       : HHH000489: No JTA platform available (set 'hibernate.transaction.jta.platform' to enable JTA platform integration)
2024-03-25T03:31:29.588+03:00  INFO 210899 --- [spring-javafx-messenger-client] [JavaFX-Launcher] j.LocalContainerEntityManagerFactoryBean : Initialized JPA EntityManagerFactory for persistence unit 'default'
2024-03-25T03:31:29.835+03:00  INFO 210899 --- [spring-javafx-messenger-client] [JavaFX-Launcher] o.s.boot.SpringApplication               : Started application in 1.607 seconds (process running for 2.636)
2024-03-25T03:31:29.872+03:00  WARN 210899 --- [spring-javafx-messenger-client] [JavaFX Application Thread] javafx                                   : Loading FXML document with JavaFX API of version 22 by JavaFX runtime of version 21.0.2
2024-03-25T03:31:32.621+03:00  INFO 210899 --- [spring-javafx-messenger-client] [JavaFX Application Thread] j.LocalContainerEntityManagerFactoryBean : Closing JPA EntityManagerFactory for persistence unit 'default'
2024-03-25T03:35:16.537+03:00  INFO 213580 --- [spring-javafx-messenger-client] [JavaFX-Launcher] o.s.boot.SpringApplication               : Starting application using Java 21.0.2 with PID 213580 (started by alexey in /home/alexey/Projects/diplom/spring-javafx-messenger-client)
2024-03-25T03:35:16.539+03:00  INFO 213580 --- [spring-javafx-messenger-client] [JavaFX-Launcher] o.s.boot.SpringApplication               : No active profile set, falling back to 1 default profile: "default"
2024-03-25T03:35:16.760+03:00  INFO 213580 --- [spring-javafx-messenger-client] [JavaFX-Launcher] .s.d.r.c.RepositoryConfigurationDelegate : Bootstrapping Spring Data JPA repositories in DEFAULT mode.
2024-03-25T03:35:16.832+03:00  INFO 213580 --- [spring-javafx-messenger-client] [JavaFX-Launcher] .s.d.r.c.RepositoryConfigurationDelegate : Finished Spring Data repository scanning in 69 ms. Found 3 JPA repository interfaces.
2024-03-25T03:35:16.996+03:00  INFO 213580 --- [spring-javafx-messenger-client] [JavaFX-Launcher] o.hibernate.jpa.internal.util.LogHelper  : HHH000204: Processing PersistenceUnitInfo [name: default]
2024-03-25T03:35:17.016+03:00  INFO 213580 --- [spring-javafx-messenger-client] [JavaFX-Launcher] org.hibernate.Version                    : HHH000412: Hibernate ORM core version 6.4.4.Final
2024-03-25T03:35:17.029+03:00  INFO 213580 --- [spring-javafx-messenger-client] [JavaFX-Launcher] o.h.c.internal.RegionFactoryInitiator    : HHH000026: Second-level cache disabled
2024-03-25T03:35:17.139+03:00  INFO 213580 --- [spring-javafx-messenger-client] [JavaFX-Launcher] o.s.o.j.p.SpringPersistenceUnitInfo      : No LoadTimeWeaver setup: ignoring JPA class transformer
2024-03-25T03:35:17.263+03:00  WARN 213580 --- [spring-javafx-messenger-client] [JavaFX-Launcher] org.hibernate.orm.deprecation            : HHH90000025: H2Dialect does not need to be specified explicitly using 'hibernate.dialect' (remove the property setting and it will be selected by default)
2024-03-25T03:35:17.655+03:00  INFO 213580 --- [spring-javafx-messenger-client] [JavaFX-Launcher] o.h.e.t.j.p.i.JtaPlatformInitiator       : HHH000489: No JTA platform available (set 'hibernate.transaction.jta.platform' to enable JTA platform integration)
2024-03-25T03:35:17.678+03:00  INFO 213580 --- [spring-javafx-messenger-client] [JavaFX-Launcher] j.LocalContainerEntityManagerFactoryBean : Initialized JPA EntityManagerFactory for persistence unit 'default'
2024-03-25T03:35:17.941+03:00  INFO 213580 --- [spring-javafx-messenger-client] [JavaFX-Launcher] o.s.boot.SpringApplication               : Started application in 1.625 seconds (process running for 2.404)
2024-03-25T03:35:17.988+03:00  WARN 213580 --- [spring-javafx-messenger-client] [JavaFX Application Thread] javafx                                   : Loading FXML document with JavaFX API of version 22 by JavaFX runtime of version 21.0.2
2024-03-25T03:35:24.994+03:00  INFO 213580 --- [spring-javafx-messenger-client] [JavaFX Application Thread] j.LocalContainerEntityManagerFactoryBean : Closing JPA EntityManagerFactory for persistence unit 'default'
